2025-11-02 10:59:33 [main] INFO  com.banking.config.DatabaseConfig - Database properties loaded successfully
2025-11-02 10:59:33 [main] INFO  com.banking.BankingApplication - Banking Management System started
2025-11-02 11:12:11 [main] DEBUG com.banking.config.DatabaseConfig - Database connection established
2025-11-02 11:12:11 [main] ERROR com.banking.dao.AccountDAO - Error creating account: ACC1004
java.sql.SQLIntegrityConstraintViolationException: Cannot add or update a child row: a foreign key constraint fails (`banking_system`.`account`, CONSTRAINT `account_ibfk_1` FOREIGN KEY (`customer_id`) REFERENCES `customer` (`customer_id`) ON DELETE CASCADE)
	at com.mysql.cj.jdbc.exceptions.SQLError.createSQLException(SQLError.java:118)
	at com.mysql.cj.jdbc.exceptions.SQLExceptionsMapping.translateException(SQLExceptionsMapping.java:122)
	at com.mysql.cj.jdbc.ClientPreparedStatement.executeInternal(ClientPreparedStatement.java:916)
	at com.mysql.cj.jdbc.ClientPreparedStatement.executeUpdateInternal(ClientPreparedStatement.java:1061)
	at com.mysql.cj.jdbc.ClientPreparedStatement.executeUpdateInternal(ClientPreparedStatement.java:1009)
	at com.mysql.cj.jdbc.ClientPreparedStatement.executeLargeUpdate(ClientPreparedStatement.java:1320)
	at com.mysql.cj.jdbc.ClientPreparedStatement.executeUpdate(ClientPreparedStatement.java:994)
	at com.banking.dao.AccountDAO.create(AccountDAO.java:34)
	at com.banking.service.AccountService.createAccount(AccountService.java:28)
	at com.banking.BankingApplication.createAccount(BankingApplication.java:93)
	at com.banking.BankingApplication.main(BankingApplication.java:27)
2025-11-02 11:12:11 [main] ERROR com.banking.service.AccountService - Failed to create account
java.sql.SQLIntegrityConstraintViolationException: Cannot add or update a child row: a foreign key constraint fails (`banking_system`.`account`, CONSTRAINT `account_ibfk_1` FOREIGN KEY (`customer_id`) REFERENCES `customer` (`customer_id`) ON DELETE CASCADE)
	at com.mysql.cj.jdbc.exceptions.SQLError.createSQLException(SQLError.java:118)
	at com.mysql.cj.jdbc.exceptions.SQLExceptionsMapping.translateException(SQLExceptionsMapping.java:122)
	at com.mysql.cj.jdbc.ClientPreparedStatement.executeInternal(ClientPreparedStatement.java:916)
	at com.mysql.cj.jdbc.ClientPreparedStatement.executeUpdateInternal(ClientPreparedStatement.java:1061)
	at com.mysql.cj.jdbc.ClientPreparedStatement.executeUpdateInternal(ClientPreparedStatement.java:1009)
	at com.mysql.cj.jdbc.ClientPreparedStatement.executeLargeUpdate(ClientPreparedStatement.java:1320)
	at com.mysql.cj.jdbc.ClientPreparedStatement.executeUpdate(ClientPreparedStatement.java:994)
	at com.banking.dao.AccountDAO.create(AccountDAO.java:34)
	at com.banking.service.AccountService.createAccount(AccountService.java:28)
	at com.banking.BankingApplication.createAccount(BankingApplication.java:93)
	at com.banking.BankingApplication.main(BankingApplication.java:27)
2025-11-02 11:12:11 [main] ERROR com.banking.BankingApplication - Operation failed
com.banking.exception.BankingException: Failed to create account
	at com.banking.service.AccountService.createAccount(AccountService.java:33)
	at com.banking.BankingApplication.createAccount(BankingApplication.java:93)
	at com.banking.BankingApplication.main(BankingApplication.java:27)
Caused by: java.sql.SQLIntegrityConstraintViolationException: Cannot add or update a child row: a foreign key constraint fails (`banking_system`.`account`, CONSTRAINT `account_ibfk_1` FOREIGN KEY (`customer_id`) REFERENCES `customer` (`customer_id`) ON DELETE CASCADE)
	at com.mysql.cj.jdbc.exceptions.SQLError.createSQLException(SQLError.java:118)
	at com.mysql.cj.jdbc.exceptions.SQLExceptionsMapping.translateException(SQLExceptionsMapping.java:122)
	at com.mysql.cj.jdbc.ClientPreparedStatement.executeInternal(ClientPreparedStatement.java:916)
	at com.mysql.cj.jdbc.ClientPreparedStatement.executeUpdateInternal(ClientPreparedStatement.java:1061)
	at com.mysql.cj.jdbc.ClientPreparedStatement.executeUpdateInternal(ClientPreparedStatement.java:1009)
	at com.mysql.cj.jdbc.ClientPreparedStatement.executeLargeUpdate(ClientPreparedStatement.java:1320)
	at com.mysql.cj.jdbc.ClientPreparedStatement.executeUpdate(ClientPreparedStatement.java:994)
	at com.banking.dao.AccountDAO.create(AccountDAO.java:34)
	at com.banking.service.AccountService.createAccount(AccountService.java:28)
	... 2 common frames omitted
2025-11-02 11:12:52 [main] INFO  com.banking.config.DatabaseConfig - Database properties loaded successfully
2025-11-02 11:12:52 [main] INFO  com.banking.BankingApplication - Banking Management System started
2025-11-02 11:14:22 [main] DEBUG com.banking.config.DatabaseConfig - Database connection established
2025-11-02 11:14:22 [main] DEBUG com.banking.config.DatabaseConfig - Database connection established
2025-11-02 11:14:22 [main] INFO  com.banking.dao.TransactionDAO - Transaction created: ID 3
2025-11-02 11:14:22 [main] DEBUG com.banking.config.DatabaseConfig - Database connection established
2025-11-02 11:14:22 [main] INFO  com.banking.dao.AccountDAO - Balance updated for account ID: 2, New balance: 4500.00
2025-11-02 11:14:22 [main] DEBUG com.banking.config.DatabaseConfig - Database connection established
2025-11-02 11:14:22 [main] INFO  com.banking.dao.TransactionDAO - Transaction status updated: ID 3 to SUCCESS
2025-11-02 11:14:22 [main] DEBUG com.banking.config.DatabaseConfig - Database connection established
2025-11-02 11:14:22 [main] DEBUG c.b.service.TransactionLogService - Transaction log created for transaction ID: 3
2025-11-02 11:14:22 [main] INFO  com.banking.service.AccountService - Deposit completed: 2000 to account ACC1002
